#
# A fatal error has been detected by the Java Runtime Environment:
#
#  EXCEPTION_ACCESS_VIOLATION (0xc0000005) at pc=0x69488a51, pid=6952, tid=4496
#
# JRE version: 7.0_01-b08
# Java VM: Java HotSpot(TM) Client VM (21.1-b02 mixed mode, sharing windows-x86 )
# Problematic frame:
# C  [atioglxx.dll+0x458a51]
#
# Failed to write core dump. Minidumps are not enabled by default on client versions of Windows
#
# If you would like to submit a bug report, please visit:
#   http://bugreport.sun.com/bugreport/crash.jsp
# The crash happened outside the Java Virtual Machine in native code.
# See problematic frame for where to report the bug.
#

---------------  T H R E A D  ---------------

Current thread (0x01238400):  JavaThread "LWJGL Application" [_thread_in_native, id=4496, stack(0x05950000,0x059a0000)]

siginfo: ExceptionCode=0xc0000005, reading address 0x04b46730

Registers:
EAX=0xfe47e6e0, EBX=0x00000003, ECX=0x066c8054, EDX=0x0599f054
ESP=0x0599eff0, EBP=0x0000002c, ESI=0x066c8050, EDI=0x0070a85a
EIP=0x69488a51, EFLAGS=0x00010283

Top of Stack: (sp=0x0599eff0)
0x0599eff0:   0000ec19 69e89180 0599f2dc 69e8a5d8
0x0599f000:   05b93640 00002688 00a1f520 00000008
0x0599f010:   69e8a6c0 0070a864 00000014 00000003
0x0599f020:   00000078 0000060b 00000000 00001d4d
0x0599f030:   0000ec88 066c8050 0001ffff 0000000d
0x0599f040:   00000000 72ed925b 69e89180 04a1ec90
0x0599f050:   00000014 00000004 04a1ec94 00000014
0x0599f060:   00000008 04a1ec88 00000014 00000008 

Instructions: (pc=0x69488a51)
0x69488a31:   40 85 db 76 35 8d 54 24 64 8b 02 8d 0c 30 3b f1
0x69488a41:   73 1a 0f b7 44 24 40 0f af 42 fc 03 42 f8 2b c6
0x69488a51:   8b 2c 06 89 2e 83 c6 04 3b f1 72 f4 83 c2 0c 83
0x69488a61:   eb 01 8b f1 75 d3 8b 5c 24 2c 3b 7c 24 24 72 b7 


Register to memory mapping:

EAX=0xfe47e6e0 is an unknown value
EBX=0x00000003 is an unknown value
ECX=0x066c8054 is an unknown value
EDX=0x0599f054 is pointing into the stack for thread: 0x01238400
ESP=0x0599eff0 is pointing into the stack for thread: 0x01238400
EBP=0x0000002c is an unknown value
ESI=0x066c8050 is an unknown value
EDI=0x0070a85a is an unknown value


Stack: [0x05950000,0x059a0000],  sp=0x0599eff0,  free space=315k
Native frames: (J=compiled Java code, j=interpreted, Vv=VM code, C=native code)
